C:\USERS\ROB\DOCUMENTS\VISUAL STUDIO 2010\PROJECTS\EMPLOYEEPROJECT\DEBUG\EMPLOYEEPROJECT.EXE
C:\USERS\ROB\DOCUMENTS\VISUAL STUDIO 2010\PROJECTS\EMPLOYEEPROJECT\DEBUG\EMPLOYEEPROJECT.ILK
C:\USERS\ROB\DOCUMENTS\VISUAL STUDIO 2010\PROJECTS\EMPLOYEEPROJECT\DEBUG\EMPLOYEEPROJECT.PDB
C:\Users\Rob\documents\visual studio 2010\Projects\EmployeeProject\EmployeeProject\Debug\cl.command.1.tlog
C:\Users\Rob\documents\visual studio 2010\Projects\EmployeeProject\EmployeeProject\Debug\CL.read.1.tlog
C:\Users\Rob\documents\visual studio 2010\Projects\EmployeeProject\EmployeeProject\Debug\CL.write.1.tlog
C:\USERS\ROB\DOCUMENTS\VISUAL STUDIO 2010\PROJECTS\EMPLOYEEPROJECT\EMPLOYEEPROJECT\DEBUG\EMPLOYEE.OBJ
C:\USERS\ROB\DOCUMENTS\VISUAL STUDIO 2010\PROJECTS\EMPLOYEEPROJECT\EMPLOYEEPROJECT\DEBUG\EMPLOYEEPROJECT.EXE.INTERMEDIATE.MANIFEST
C:\Users\Rob\documents\visual studio 2010\Projects\EmployeeProject\EmployeeProject\Debug\EmployeeProject.vcxprojResolveAssemblyReference.cache
C:\Users\Rob\documents\visual studio 2010\Projects\EmployeeProject\EmployeeProject\Debug\EmployeeProject.write.1.tlog
C:\Users\Rob\documents\visual studio 2010\Projects\EmployeeProject\EmployeeProject\Debug\link.command.1.tlog
C:\Users\Rob\documents\visual studio 2010\Projects\EmployeeProject\EmployeeProject\Debug\link.read.1.tlog
C:\Users\Rob\documents\visual studio 2010\Projects\EmployeeProject\EmployeeProject\Debug\link.write.1.tlog
C:\USERS\ROB\DOCUMENTS\VISUAL STUDIO 2010\PROJECTS\EMPLOYEEPROJECT\EMPLOYEEPROJECT\DEBUG\MAIN.OBJ
C:\Users\Rob\documents\visual studio 2010\Projects\EmployeeProject\EmployeeProject\Debug\mt.command.1.tlog
C:\Users\Rob\documents\visual studio 2010\Projects\EmployeeProject\EmployeeProject\Debug\mt.read.1.tlog
C:\Users\Rob\documents\visual studio 2010\Projects\EmployeeProject\EmployeeProject\Debug\mt.write.1.tlog
C:\USERS\ROB\DOCUMENTS\VISUAL STUDIO 2010\PROJECTS\EMPLOYEEPROJECT\EMPLOYEEPROJECT\DEBUG\REPORTER.OBJ
C:\Users\Rob\documents\visual studio 2010\Projects\EmployeeProject\EmployeeProject\Debug\vc100.idb
C:\USERS\ROB\DOCUMENTS\VISUAL STUDIO 2010\PROJECTS\EMPLOYEEPROJECT\EMPLOYEEPROJECT\DEBUG\VC100.PDB
